CHAIN OF CUSTODY — 2026-06-16T04:57:52.3175728-07:00
C:\Users\enriq\Vendors\Adobe_Alloy
C:\Users\enriq\Vendors\Adobe_Alloy\shadow_leads
C:\Users\enriq\Vendors\Adobe_Alloy\shadow_leads\adobe_shadow_profile_reconciliation.csv
C:\Users\enriq\Vendors\font_face_declarations
C:\Users\enriq\Vendors\font_face_declarations\font_face_declarations.txt
C:\Users\enriq\Vendors\Marriott
C:\Users\enriq\Vendors\Marriott\dom_shards
C:\Users\enriq\Vendors\Marriott\dom_shards\live_checkout_dom_scrape.json
C:\Users\enriq\Vendors\Marriott\exhibits_013_018
C:\Users\enriq\Vendors\Marriott\exhibits_013_018\exfiltration_mechanical_path.md
C:\Users\enriq\Vendors\Marriott\remediation_theft_proof
C:\Users\enriq\Vendors\Marriott\remediation_theft_proof\before_after_patch_comparison.csv
C:\Users\enriq\Vendors\Match_Group
C:\Users\enriq\Vendors\Match_Group\akamai_ruds
C:\Users\enriq\Vendors\Match_Group\akamai_ruds\akamai_ruds_cross_vendor_hash.json
C:\Users\enriq\Vendors\mythic_phrase
C:\Users\enriq\Vendors\mythic_phrase\mythic_phrase.txt
C:\Users\enriq\Vendors\network_endpoints
C:\Users\enriq\Vendors\network_endpoints\network_endpoints.txt
C:\Users\enriq\Vendors\obfuscated_js_renderer
C:\Users\enriq\Vendors\obfuscated_js_renderer\obfuscated_js_renderer.txt
C:\Users\enriq\Vendors\Per_Scholas
C:\Users\enriq\Vendors\Per_Scholas\course_telemetry
C:\Users\enriq\Vendors\Per_Scholas\course_telemetry\comptia_dropout_retention_audit.json
C:\Users\enriq\Vendors\Per_Scholas\formassembly_leaks
C:\Users\enriq\Vendors\Per_Scholas\formassembly_leaks\formassembly_pre_submit_leak.json
C:\Users\enriq\Vendors\Per_Scholas\zoom_artery_saml
C:\Users\enriq\Vendors\Per_Scholas\zoom_artery_saml\zoom_sso_metadata_trigger.sql
C:\Users\enriq\Vendors\user_instructions
C:\Users\enriq\Vendors\user_instructions\user_instructions.txt
C:\Users\enriq\Vendors\Vendor_Alpha
C:\Users\enriq\Vendors\Vendor_Alpha\Artifacts
C:\Users\enriq\Vendors\Vendor_Alpha\Artifacts\checksum.sig
C:\Users\enriq\Vendors\Vendor_Alpha\Audits
C:\Users\enriq\Vendors\Vendor_Alpha\Audits\CFA_attestation.txt
C:\Users\enriq\Vendors\Vendor_Alpha\Configs
C:\Users\enriq\Vendors\Vendor_Alpha\Configs\auth_matrix.yaml
C:\Users\enriq\Vendors\Vendor_Alpha\Configs\settings.json
C:\Users\enriq\Vendors\Vendor_Alpha\Data
C:\Users\enriq\Vendors\Vendor_Alpha\Data\substrate_map.hex
C:\Users\enriq\Vendors\Vendor_Alpha\Logs
C:\Users\enriq\Vendors\Vendor_Alpha\Logs\telemetry_dump.log
C:\Users\enriq\Vendors\Vendor_Alpha\Scripts
C:\Users\enriq\Vendors\Vendor_Alpha\Scripts\remediation_agent.ps1
C:\Users\enriq\Vendors\Vendor_Alpha\Scripts\remedy.ps1
C:\Users\enriq\Vendors\Vendor_Beta
C:\Users\enriq\Vendors\Vendor_Beta\Artifacts
C:\Users\enriq\Vendors\Vendor_Beta\Artifacts\checksum.sig
C:\Users\enriq\Vendors\Vendor_Beta\Audits
C:\Users\enriq\Vendors\Vendor_Beta\Audits\CFA_attestation.txt
C:\Users\enriq\Vendors\Vendor_Beta\Configs
C:\Users\enriq\Vendors\Vendor_Beta\Configs\auth_matrix.yaml
C:\Users\enriq\Vendors\Vendor_Beta\Configs\settings.json
C:\Users\enriq\Vendors\Vendor_Beta\Data
C:\Users\enriq\Vendors\Vendor_Beta\Data\substrate_map.hex
C:\Users\enriq\Vendors\Vendor_Beta\Logs
C:\Users\enriq\Vendors\Vendor_Beta\Logs\telemetry_dump.log
C:\Users\enriq\Vendors\Vendor_Beta\Scripts
C:\Users\enriq\Vendors\Vendor_Beta\Scripts\remediation_agent.ps1
C:\Users\enriq\Vendors\Vendor_Beta\Scripts\remedy.ps1
C:\Users\enriq\Vendors\Vendor_Delta
C:\Users\enriq\Vendors\Vendor_Delta\Artifacts
C:\Users\enriq\Vendors\Vendor_Delta\Artifacts\checksum.sig
C:\Users\enriq\Vendors\Vendor_Delta\Audits
C:\Users\enriq\Vendors\Vendor_Delta\Audits\CFA_attestation.txt
C:\Users\enriq\Vendors\Vendor_Delta\Configs
C:\Users\enriq\Vendors\Vendor_Delta\Configs\auth_matrix.yaml
C:\Users\enriq\Vendors\Vendor_Delta\Configs\settings.json
C:\Users\enriq\Vendors\Vendor_Delta\Data
C:\Users\enriq\Vendors\Vendor_Delta\Data\substrate_map.hex
C:\Users\enriq\Vendors\Vendor_Delta\Logs
C:\Users\enriq\Vendors\Vendor_Delta\Logs\telemetry_dump.log
C:\Users\enriq\Vendors\Vendor_Delta\Scripts
C:\Users\enriq\Vendors\Vendor_Delta\Scripts\remediation_agent.ps1
C:\Users\enriq\Vendors\Vendor_Delta\Scripts\remediation_agent.sh
C:\Users\enriq\Vendors\Vendor_Gamma
C:\Users\enriq\Vendors\Vendor_Gamma\Artifacts
C:\Users\enriq\Vendors\Vendor_Gamma\Artifacts\checksum.sig
C:\Users\enriq\Vendors\Vendor_Gamma\Audits
C:\Users\enriq\Vendors\Vendor_Gamma\Audits\CFA_attestation.txt
C:\Users\enriq\Vendors\Vendor_Gamma\Configs
C:\Users\enriq\Vendors\Vendor_Gamma\Configs\auth_matrix.yaml
C:\Users\enriq\Vendors\Vendor_Gamma\Configs\settings.json
C:\Users\enriq\Vendors\Vendor_Gamma\Data
C:\Users\enriq\Vendors\Vendor_Gamma\Data\substrate_map.hex
C:\Users\enriq\Vendors\Vendor_Gamma\Logs
C:\Users\enriq\Vendors\Vendor_Gamma\Logs\telemetry_dump.log
C:\Users\enriq\Vendors\Vendor_Gamma\Scripts
C:\Users\enriq\Vendors\Vendor_Gamma\Scripts\remediation_agent.ps1
C:\Users\enriq\Vendors\Wells_Fargo
C:\Users\enriq\Vendors\Wells_Fargo\identity_stitching
C:\Users\enriq\Vendors\Wells_Fargo\identity_stitching\wells_fargo_crm_stitching.log
C:\Users\enriq\Vendors\Wells_Fargo\logic_fixes
C:\Users\enriq\Vendors\Wells_Fargo\logic_fixes\remediation_delta_package.diff
